------------------------------------------------------------------------------
                           GCC Code Coverage Report
Directory: .
------------------------------------------------------------------------------
File                                       Lines    Exec  Cover   Missing
------------------------------------------------------------------------------
src/dispenser_logic.c                         17      17   100%
src/hx711_logic.c                              5       5   100%
------------------------------------------------------------------------------
TOTAL                                         22      22   100%
------------------------------------------------------------------------------
